<?xml version="1.0" encoding="UTF-8"?>
<!-- Generated by org.testng.reporters.JUnitReportReporter -->
<testsuite skipped="0" hostname="seljvm" name="Runner.LambdaRunner" tests="5" failures="0" timestamp="2022-05-07T11:23:14 UTC" time="17.908" errors="0">
  <testcase name="setdriver" time="1.712" classname="Runner.LambdaRunner"/>
  <testcase name="openwebsite" time="0.485" classname="Runner.LambdaRunner"/>
  <testcase name="TestcaseThree" time="10.814" classname="Runner.LambdaRunner"/>
  <testcase name="TestcaseOne" time="0.957" classname="Runner.LambdaRunner"/>
  <testcase name="TestcaseTwo" time="3.940" classname="Runner.LambdaRunner"/>
</testsuite> <!-- Runner.LambdaRunner -->
